C51 COMPILER V9.54   MAIN                                                                  03/07/2020 11:56:48 PAGE 1   


C51 COMPILER V9.54, COMPILATION OF MODULE MAIN
OBJECT MODULE PLACED IN .\Objects\main.obj
COMPILER INVOKED BY: D:\MDK5\C51\BIN\C51.EXE main.c OPTIMIZE(8,SPEED) BROWSE DEBUG OBJECTEXTEND PRINT(.\Listings\main.ls
                    -t) TABS(2) OBJECT(.\Objects\main.obj)

line level    source

   1          #include "main.h"
   2          #include "gpio_ex.h"
   3          
   4          #define MODE0_TIME 400
   5          #define MODE1_TIME 800
   6          #define MODE_0 0
   7          #define MODE_1 1
   8          
   9          bit mode0_next=0;  
  10          bit mode1_next=0; 
  11          
  12          unsigned int mode=0;
  13          extern LEDs_NUM= 8;
  14          void timer0_int (void) interrupt TIMER0_VECTOR
  15          {  
  16   1          static unsigned int cnt=0; 
  17   1          if (cnt++ % MODE0_TIME == 0)  mode0_next = 1;
  18   1          if (cnt++ % MODE1_TIME == 0)  mode1_next = 1 ;
  19   1          if (cnt % 60000 == 0) cnt = 0;
  20   1        
  21   1      }
  22          
  23          
  24          void main()
  25          {
  26   1        while(1)
  27   1        {
  28   2          unsigned char i = 0;
  29   2          switch (mode) 
  30   2          {
  31   3            case MODE_0:
  32   3            {
  33   4              //做模式0要做的事  
  34   4               if (mode0_next == 1)
  35   4               {
  36   5                  mode0_next = 0;
  37   5                  LED_LeftToRight(i);
  38   5                  if( i == LEDs_NUM) 
  39   5                  {
  40   6                    mode = MODE_1;
  41   6                    break;
  42   6                  } 
  43   5                  i++;
  44   5                  
  45   5               }
  46   4             }
  47   3            break;
  48   3            case MODE_1:
  49   3            {
  50   4            }
  51   3          }
  52   2      
  53   2        }
  54   1      }
C51 COMPILER V9.54   MAIN                                                                  03/07/2020 11:56:48 PAGE 2   



MODULE INFORMATION:   STATIC OVERLAYABLE
   CODE SIZE        =    181    ----
   CONSTANT SIZE    =   ----    ----
   XDATA SIZE       =   ----    ----
   PDATA SIZE       =   ----    ----
   DATA SIZE        =      6       1
   IDATA SIZE       =   ----    ----
   BIT SIZE         =      2    ----
END OF MODULE INFORMATION.


C51 COMPILATION COMPLETE.  0 WARNING(S),  0 ERROR(S)
