C51 COMPILER V9.54   DELAY                                                                 02/20/2020 19:45:47 PAGE 1   


C51 COMPILER V9.54, COMPILATION OF MODULE DELAY
OBJECT MODULE PLACED IN .\list\delay.obj
COMPILER INVOKED BY: D:\MDK5\C51\BIN\C51.EXE delay.c OPTIMIZE(8,SPEED) BROWSE DEBUG OBJECTEXTEND PRINT(.\list\delay.lst)
                    - TABS(2) OBJECT(.\list\delay.obj)

line level    source

   1          
   2          /*------------------------------------------------------------------*/
   3          /* --- STC MCU International Limited -------------------------------*/
   4          /* --- STC 1T Series MCU RC Demo -----------------------------------*/
   5          /* --- Mobile: (86)13922805190 -------------------------------------*/
   6          /* --- Fax: 86-0513-55012956,55012947,55012969 ---------------------*/
   7          /* --- Tel: 86-0513-55012928,55012929,55012966 ---------------------*/
   8          /* --- Web: www.GXWMCU.com -----------------------------------------*/
   9          /* --- QQ:  800003751 ----------------------------------------------*/
  10          /* If you want to use the program or the program referenced in the  */
  11          /* article, please specify in which data and procedures from STC    */
  12          /*------------------------------------------------------------------*/
  13          
  14          /*************  功能说明  **************
  15          
  16          本文件为STC15xxx系列的延时程序,用户几乎可以不修改这个程序.
  17          
  18          
  19          ******************************************/
  20          
  21          #include  "delay.h"
  22          #include <intrins.h>
  23          
  24          
  25          //========================================================================
  26          // 函数: void  delay_ms(unsigned char ms)
  27          // 描述: 延时函数。
  28          // 参数: ms,要延时的ms数, 这里只支持1~255ms. 自动适应主时钟.
  29          // 返回: none.
  30          // 版本: VER1.0
  31          // 日期: 2013-4-1
  32          // 备注: 
  33          //========================================================================
  34          //void  delay_ms(unsigned int ms)
  35          //{
  36          //     unsigned int i;
  37          //   do{
  38          //        i = MAIN_Fosc / 13000;
  39          //      while(--i)  ;   //14T per loop
  40          //     }while(--ms);
  41          //}
  42          
  43          void delay_ms(unsigned int ms)    //@11.0592MHz
  44          {
  45   1        unsigned char i, j;
  46   1       while(ms--)
  47   1       {
  48   2         _nop_();
  49   2         i = 2;
  50   2         j = 199;
  51   2         do
  52   2          {
  53   3            while (--j);
  54   3          } while (--i);
C51 COMPILER V9.54   DELAY                                                                 02/20/2020 19:45:47 PAGE 2   

  55   2        }
  56   1      }
  57          
  58          void Delay1US()   //@11.0592MHz
  59          {
  60   1        _nop_();
  61   1        _nop_();
  62   1        _nop_();
  63   1      }
  64          
  65          
  66          //??5????
  67          void Delay5US()   //@11.0592MHz
  68          {
  69   1        unsigned char i;
  70   1      
  71   1        _nop_();
  72   1        i = 11;
  73   1        while (--i);
  74   1      }
  75          


MODULE INFORMATION:   STATIC OVERLAYABLE
   CODE SIZE        =     32    ----
   CONSTANT SIZE    =   ----    ----
   XDATA SIZE       =   ----    ----
   PDATA SIZE       =   ----    ----
   DATA SIZE        =   ----    ----
   IDATA SIZE       =   ----    ----
   BIT SIZE         =   ----    ----
END OF MODULE INFORMATION.


C51 COMPILATION COMPLETE.  0 WARNING(S),  0 ERROR(S)
