C51 COMPILER V9.54   BSP_LED                                                               03/07/2020 21:18:54 PAGE 1   


C51 COMPILER V9.54, COMPILATION OF MODULE BSP_LED
OBJECT MODULE PLACED IN .\Objects\bsp_led.obj
COMPILER INVOKED BY: D:\MDK5\C51\BIN\C51.EXE bsp_led.c OPTIMIZE(8,SPEED) BROWSE DEBUG OBJECTEXTEND PRINT(.\Listings\bsp_
                    -led.lst) TABS(2) OBJECT(.\Objects\bsp_led.obj)

line level    source

   1           //#include< > 到编译器的安装路径下的库里寻找标准库文件。如#include<stdio.h>引用
             -就是C:\Keil\c51\INC\stdio.h这个头文件
   2          #include "bsp_led.h"   // #include“ ” 先到当前工程目录下寻找开发者自定义的文件，
             -果没有再到IDE配置的自定义路径下寻找文件。
   3          #include "gpio_ex.h" 
   4           //LED_On(LED_PORT , LED0_Pin , ON);
   5          //LED_On(LED_PORT , LED1_Pin , ON);
   6          //上述两条语句执行完，LED0亮。
   7          #define LEDs_NUM sizeof(LED)/ sizeof(LED[0])
   8          extern u8 code LED[] = {LED0_Pin, LED1_Pin, LED2_Pin, LED3_Pin, LED4_Pin, LED5_Pin, LED6_Pin, LED7_Pin};
   9          
  10          void LED_On(u8 led_port,u8 led_pin )
  11          {
  12   1        GPIO_WritePin(led_port ,led_pin , ON);
  13   1      }
  14          
  15          void LED_Off(u8 led_port,u8 led_pin)
  16          {
  17   1        GPIO_WritePin(led_port ,led_pin , OFF);
  18   1      }
  19          
  20          void LED_Toggle(u8 led_port,u8 led_pin)
  21          {
  22   1        GPIO_TogglePin(led_port , led_pin );
  23   1      }
  24          
  25          void LED_LeftToRight(u8 Pinx)
  26          {
  27   1        
  28   1        if (Pinx == 0) //仅点亮Left的LED
  29   1        {
  30   2          LED_Toggle(LED_PORT, LED[0]);  
  31   2        }
  32   1        else if (Pinx >= LEDs_NUM) //仅熄灭Right的LED
  33   1        {
  34   2          LED_Toggle(LED_PORT, LED[LEDs_NUM-1]);
  35   2        }
  36   1        else //先点亮右边的LED，再熄灭左边的
  37   1        {   
  38   2          LED_Toggle(LED_PORT, LED[Pinx]);
  39   2          Pinx--;
  40   2          LED_Toggle(LED_PORT, LED[Pinx]);    
  41   2        }
  42   1      }
  43          
  44          
  45          
  46          
  47          


MODULE INFORMATION:   STATIC OVERLAYABLE
   CODE SIZE        =     64    ----
   CONSTANT SIZE    =      8    ----
C51 COMPILER V9.54   BSP_LED                                                               03/07/2020 21:18:54 PAGE 2   

   XDATA SIZE       =   ----    ----
   PDATA SIZE       =   ----    ----
   DATA SIZE        =   ----       1
   IDATA SIZE       =   ----    ----
   BIT SIZE         =   ----    ----
END OF MODULE INFORMATION.


C51 COMPILATION COMPLETE.  0 WARNING(S),  0 ERROR(S)
