C51 COMPILER V9.54   GPIO_EX                                                               03/07/2020 21:18:54 PAGE 1   


C51 COMPILER V9.54, COMPILATION OF MODULE GPIO_EX
OBJECT MODULE PLACED IN .\Objects\gpio_ex.obj
COMPILER INVOKED BY: D:\MDK5\C51\BIN\C51.EXE gpio_ex.c OPTIMIZE(8,SPEED) BROWSE DEBUG OBJECTEXTEND PRINT(.\Listings\gpio
                    -_ex.lst) TABS(2) OBJECT(.\Objects\gpio_ex.obj)

line level    source

   1          
   2          #include "gpio_ex.h"
   3          
   4          
   5          u8 GPIO_WritePin(u8 GPIO , u8 Pinx , bit Level)
   6           { 
   7   1         if(GPIO > GPIO_P5)       return 1; 
   8   1         if(Pinx > GPIO_Pin_All)  return 2; 
   9   1         if(GPIO == GPIO_P0)
  10   1          {
  11   2           if(Level)
  12   2            P0 &= (~Pinx);
  13   2           else
  14   2            P0 |= Pinx;
  15   2          }
  16   1          return 0;
  17   1       }
  18          
  19           u8 GPIO_ReadPin(u8 GPIO , u8 Pinx )
  20           { 
  21   1         if(GPIO > GPIO_P5)       return 3; 
  22   1         if(Pinx > GPIO_Pin_All)  return 2; 
  23   1          if(GPIO == GPIO_P0)
  24   1          {
  25   2            if ( P0 & Pinx != 0)
  26   2            return 1;
  27   2            else
  28   2            return 0;
  29   2          }
  30   1          
  31   1          return 0;
  32   1       }
  33          
  34          u8 GPIO_TogglePin(u8 GPIO , u8 Pinx )
  35           { 
  36   1         if(GPIO > GPIO_P5)       return 1; 
  37   1         if(Pinx > GPIO_Pin_All)  return 2; 
  38   1         if(GPIO == GPIO_P0)      P0 ^= Pinx;
  39   1         
  40   1         return 0;
  41   1       }
  42           
  43          


MODULE INFORMATION:   STATIC OVERLAYABLE
   CODE SIZE        =    106    ----
   CONSTANT SIZE    =   ----    ----
   XDATA SIZE       =   ----    ----
   PDATA SIZE       =   ----    ----
   DATA SIZE        =   ----    ----
   IDATA SIZE       =   ----    ----
   BIT SIZE         =   ----       1
END OF MODULE INFORMATION.

C51 COMPILER V9.54   GPIO_EX                                                               03/07/2020 21:18:54 PAGE 2   


C51 COMPILATION COMPLETE.  0 WARNING(S),  0 ERROR(S)
